<?xml version="1.0" encoding="UTF-8"?>
<testng-results ignored="0" total="1" passed="1" failed="0" skipped="0">
  <reporter-output>
  </reporter-output>
  <suite started-at="2024-08-23T19:19:38 IST" name="Suite" finished-at="2024-08-23T19:19:38 IST" duration-ms="45">
    <groups>
    </groups>
    <test started-at="2024-08-23T19:19:38 IST" name="Test" finished-at="2024-08-23T19:19:38 IST" duration-ms="45">
      <class name="jenkinsDemo.firstJenkinsJob">
        <test-method signature="testJenkins()[pri:0, instance:jenkinsDemo.firstJenkinsJob@2b40ff9c]" started-at="2024-08-23T19:19:38 IST" name="testJenkins" finished-at="2024-08-23T19:19:38 IST" duration-ms="9" status="PASS">
          <reporter-output>
          </reporter-output>
        </test-method> <!-- testJenkins -->
      </class> <!-- jenkinsDemo.firstJenkinsJob -->
    </test> <!-- Test -->
  </suite> <!-- Suite -->
</testng-results>
