<?xml version="1.0" encoding="UTF-8"?>
<testng-results ignored="0" total="1" passed="1" failed="0" skipped="0">
  <reporter-output>
  </reporter-output>
  <suite started-at="2024-08-24T20:13:12 IST" name="Suite" finished-at="2024-08-24T20:13:27 IST" duration-ms="14623">
    <groups>
    </groups>
    <test started-at="2024-08-24T20:13:12 IST" name="Test" finished-at="2024-08-24T20:13:27 IST" duration-ms="14623">
      <class name="com.learnautomation.selenium.mavenDemo">
        <test-method signature="testHello()[pri:0, instance:com.learnautomation.selenium.mavenDemo@7ec7ffd3]" started-at="2024-08-24T20:13:12 IST" name="testHello" finished-at="2024-08-24T20:13:27 IST" duration-ms="14592" status="PASS">
          <reporter-output>
          </reporter-output>
        </test-method> <!-- testHello -->
      </class> <!-- com.learnautomation.selenium.mavenDemo -->
    </test> <!-- Test -->
  </suite> <!-- Suite -->
</testng-results>
