<?xml version="1.0" encoding="UTF-8"?>
<testng-results ignored="0" total="1" passed="1" failed="0" skipped="0">
  <reporter-output>
  </reporter-output>
  <suite started-at="2024-08-25T17:30:58 IST" name="Suite" finished-at="2024-08-25T17:31:15 IST" duration-ms="16621">
    <groups>
    </groups>
    <test started-at="2024-08-25T17:30:58 IST" name="Test" finished-at="2024-08-25T17:31:15 IST" duration-ms="16621">
      <class name="com.learnautomation.selenium.mavenDemo">
        <test-method signature="testHello(java.lang.String)[pri:0, instance:com.learnautomation.selenium.mavenDemo@2a798d51]" started-at="2024-08-25T17:30:58 IST" name="testHello" finished-at="2024-08-25T17:31:15 IST" duration-ms="16588" status="PASS">
          <params>
            <param index="0">
              <value>
                <![CDATA[Edge]]>
              </value>
            </param>
          </params>
          <reporter-output>
          </reporter-output>
        </test-method> <!-- testHello -->
      </class> <!-- com.learnautomation.selenium.mavenDemo -->
    </test> <!-- Test -->
  </suite> <!-- Suite -->
</testng-results>
